2001.04.27 00:10 B D:\ALM\cscie13\hw2\hw2p6.html --> ftp.sinectis.com.ar /public_html hw2p6.html
2001.04.27 00:21 B D:\ALM\cscie13\hw2\test.html --> ftp.sinectis.com.ar /public_html test.html
2001.04.27 00:22 B D:\ALM\cscie13\hw2\test.cgi --> ftp.sinectis.com.ar /public_html/cgi-bin test.cgi
2001.04.27 12:47 B D:\ALM\cscie13\hw2\hw2p1.cgi --> elmo.dce.harvard.edu /disk5/courses/cscie13/sgaray/public_html/project hw2p1.cgi
2001.04.27 13:27 A D:\ALM\cscie13\hw2\hw2p1.cgi --> elmo.dce.harvard.edu /disk5/courses/cscie13/sgaray/public_html/project hw2p1.cgi
2001.04.28 22:48 B D:\ALM\cscie13\hw2\hw2p7.cgi --> elmo.dce.harvard.edu /disk5/courses/cscie13/sgaray/public_html/hw2 hw2p7.cgi
2001.06.03 20:39 B D:\ALM\cscie13\hw2\hw2p4.cgi --> SantiagoGaray.34sp.com /users/sgaray/web hw2p4.cgi
2001.06.03 20:59 B D:\ALM\cscie13\hw2\hw2p1.cgi --> SantiagoGaray.34sp.com /users/sgaray/web hw2p1.cgi
2001.06.03 21:07 B D:\ALM\cscie13\hw2\hw2p1.cgi --> SantiagoGaray.34sp.com /users/sgaray/web hw2p1.cgi
2001.06.03 21:08 B D:\ALM\cscie13\hw2\hw2p7.html --> SantiagoGaray.34sp.com /users/sgaray/web hw2p7.html
2001.06.03 21:16 B D:\ALM\cscie13\hw2\index.html <-- SantiagoGaray.34sp.com /users/sgaray/web index.html
2001.06.03 21:17 B D:\ALM\cscie13\hw2\index2.html --> SantiagoGaray.34sp.com /users/sgaray/web index2.html
2001.06.03 21:29 B D:\ALM\cscie13\hw2\hw2p1.cgi --> SantiagoGaray.34sp.com /web hw2p1.cgi
2001.06.03 21:31 B D:\ALM\cscie13\hw2\hw2p1.cgi --> SantiagoGaray.34sp.com /web hw2p1.cgi
2001.06.03 21:32 B D:\ALM\cscie13\hw2\hw2p1.cgi --> SantiagoGaray.34sp.com /web hw2p1.cgi
2001.06.03 21:33 B D:\ALM\cscie13\hw2\hw2p1.cgi --> SantiagoGaray.34sp.com /web hw2p1.cgi
2001.06.03 21:35 B D:\ALM\cscie13\hw2\hw2p1.cgi --> SantiagoGaray.34sp.com /web hw2p1.cgi
2001.06.03 21:36 B D:\ALM\cscie13\hw2\hw2p1.cgi --> SantiagoGaray.34sp.com /web hw2p1.cgi
2001.06.03 21:37 A D:\ALM\cscie13\hw2\hw2p1.cgi --> SantiagoGaray.34sp.com /web hw2p1.cgi
2001.06.03 21:38 A D:\ALM\cscie13\hw2\hw2p7.html --> SantiagoGaray.34sp.com /web hw2p7.html
2001.06.03 21:38 A D:\ALM\cscie13\hw2\hw2p7.cgi --> SantiagoGaray.34sp.com /web hw2p7.cgi
2001.06.03 21:39 A D:\ALM\cscie13\hw2\hw2p7.cgi --> SantiagoGaray.34sp.com /web hw2p7.cgi
2001.06.03 21:40 A D:\ALM\cscie13\hw2\hw2p7.html --> SantiagoGaray.34sp.com /web hw2p7.html
