2001.04.27 14:44 A D:\ALM\cscie13\project\test2.cgi --> elmo.dce.harvard.edu /disk5/courses/cscie13/sgaray/public_html/project test2.cgi
2001.04.27 14:47 A D:\ALM\cscie13\project\test2.cgi --> elmo.dce.harvard.edu /disk5/courses/cscie13/sgaray/public_html/project test2.cgi
2001.04.27 14:47 A D:\ALM\cscie13\project\test2.cgi --> elmo.dce.harvard.edu /disk5/courses/cscie13/sgaray/public_html/project test2.cgi
2001.04.27 14:48 A D:\ALM\cscie13\project\test2.cgi --> elmo.dce.harvard.edu /disk5/courses/cscie13/sgaray/public_html/project test2.cgi
2001.04.27 14:57 A D:\ALM\cscie13\project\test2.cgi --> elmo.dce.harvard.edu /disk5/courses/cscie13/sgaray/public_html/project test2.cgi
2001.04.27 14:59 A D:\ALM\cscie13\project\test2.cgi --> elmo.dce.harvard.edu /disk5/courses/cscie13/sgaray/public_html/project test2.cgi
2001.04.27 15:02 A D:\ALM\cscie13\project\test2.cgi --> elmo.dce.harvard.edu /disk5/courses/cscie13/sgaray/public_html/project test2.cgi
2001.04.27 15:03 A D:\ALM\cscie13\project\test2.cgi --> elmo.dce.harvard.edu /disk5/courses/cscie13/sgaray/public_html/project test2.cgi
2001.04.27 15:06 A D:\ALM\cscie13\project\test2.cgi --> elmo.dce.harvard.edu /disk5/courses/cscie13/sgaray/public_html/project test2.cgi
2001.04.27 15:11 A D:\ALM\cscie13\project\test2.cgi --> elmo.dce.harvard.edu /disk5/courses/cscie13/sgaray/public_html/project test2.cgi
2001.04.27 15:13 A D:\ALM\cscie13\project\test2.cgi --> elmo.dce.harvard.edu /disk5/courses/cscie13/sgaray/public_html/project test2.cgi
2001.04.27 15:14 A D:\ALM\cscie13\project\test2.cgi --> elmo.dce.harvard.edu /disk5/courses/cscie13/sgaray/public_html/project test2.cgi
2001.04.27 15:15 A D:\ALM\cscie13\project\test2.cgi --> elmo.dce.harvard.edu /disk5/courses/cscie13/sgaray/public_html/project test2.cgi
2001.04.27 15:16 A D:\ALM\cscie13\project\test2.cgi --> elmo.dce.harvard.edu /disk5/courses/cscie13/sgaray/public_html/project test2.cgi
2001.04.27 15:18 A D:\ALM\cscie13\project\test2.cgi --> elmo.dce.harvard.edu /disk5/courses/cscie13/sgaray/public_html/project test2.cgi
2001.04.27 15:19 A D:\ALM\cscie13\project\test2.cgi --> elmo.dce.harvard.edu /disk5/courses/cscie13/sgaray/public_html/project test2.cgi
2001.04.27 15:21 A D:\ALM\cscie13\project\test2.cgi --> elmo.dce.harvard.edu /disk5/courses/cscie13/sgaray/public_html/project test2.cgi
2001.04.27 15:26 A D:\ALM\cscie13\project\test2.pl --> elmo.dce.harvard.edu /disk5/courses/cscie13/sgaray/public_html/project test2.pl
2001.04.27 15:27 A D:\ALM\cscie13\project\test2.pl --> elmo.dce.harvard.edu /disk5/courses/cscie13/sgaray/public_html/project test2.pl
2001.04.27 15:32 A D:\ALM\cscie13\project\test3.cgi --> elmo.dce.harvard.edu /disk5/courses/cscie13/sgaray/public_html/project test3.cgi
2001.04.27 15:34 A D:\ALM\cscie13\project\test3.cgi --> elmo.dce.harvard.edu /disk5/courses/cscie13/sgaray/public_html/project test3.cgi
2001.04.27 15:44 A D:\ALM\cscie13\project\test4.cgi --> elmo.dce.harvard.edu /disk5/courses/cscie13/sgaray/public_html/project test4.cgi
2001.04.27 15:45 A D:\ALM\cscie13\project\test4.cgi --> elmo.dce.harvard.edu /disk5/courses/cscie13/sgaray/public_html/project test4.cgi
2001.04.27 15:45 A D:\ALM\cscie13\project\test4.cgi --> elmo.dce.harvard.edu /disk5/courses/cscie13/sgaray/public_html/project test4.cgi
2001.04.27 15:47 A D:\ALM\cscie13\project\test4.cgi --> elmo.dce.harvard.edu /disk5/courses/cscie13/sgaray/public_html/project test4.cgi
2001.04.27 15:51 A D:\ALM\cscie13\project\test2.cgi --> elmo.dce.harvard.edu /disk5/courses/cscie13/sgaray/public_html/project test2.cgi
2001.04.27 16:05 A D:\ALM\cscie13\project\test2.cgi --> elmo.dce.harvard.edu /disk5/courses/cscie13/sgaray/public_html/project test2.cgi
2001.04.27 16:48 A D:\ALM\cscie13\project\test2.cgi --> elmo.dce.harvard.edu /disk5/courses/cscie13/sgaray/public_html/project test2.cgi
2001.04.27 16:49 A D:\ALM\cscie13\project\test2.cgi --> elmo.dce.harvard.edu /disk5/courses/cscie13/sgaray/public_html/project test2.cgi
2001.04.27 17:48 A D:\ALM\cscie13\project\chat.cgi --> elmo.dce.harvard.edu /disk5/courses/cscie13/sgaray/public_html/project chat.cgi
2001.04.27 17:53 A D:\ALM\cscie13\project\chat.cgi --> elmo.dce.harvard.edu /disk5/courses/cscie13/sgaray/public_html/project chat.cgi
2001.04.27 18:13 A D:\ALM\cscie13\project\chat.cgi --> elmo.dce.harvard.edu /disk5/courses/cscie13/sgaray/public_html/project chat.cgi
2001.04.27 18:27 A D:\ALM\cscie13\project\chat.cgi --> elmo.dce.harvard.edu /disk5/courses/cscie13/sgaray/public_html/project chat.cgi
2001.04.27 18:32 A D:\ALM\cscie13\project\chat.cgi --> elmo.dce.harvard.edu /disk5/courses/cscie13/sgaray/public_html/project chat.cgi
2001.04.27 18:33 A D:\ALM\cscie13\project\chat.cgi --> elmo.dce.harvard.edu /disk5/courses/cscie13/sgaray/public_html/project chat.cgi
2001.04.28 19:12 B D:\ALM\cscie13\project\chat.cgi --> elmo.dce.harvard.edu /disk5/courses/cscie13/sgaray/public_html/project chat.cgi
2001.04.28 19:25 B D:\ALM\cscie13\project\chat.cgi --> elmo.dce.harvard.edu /disk5/courses/cscie13/sgaray/public_html/project chat.cgi
2001.04.28 19:32 B D:\ALM\cscie13\project\chat.cgi --> elmo.dce.harvard.edu /disk5/courses/cscie13/sgaray/public_html/project chat.cgi
2001.04.28 19:37 B D:\ALM\cscie13\project\chat.cgi --> elmo.dce.harvard.edu /disk5/courses/cscie13/sgaray/public_html/project chat.cgi
2001.04.28 19:39 B D:\ALM\cscie13\project\chat.cgi --> elmo.dce.harvard.edu /disk5/courses/cscie13/sgaray/public_html/project chat.cgi
2001.04.28 21:56 B D:\ALM\cscie13\project\chat.cgi --> elmo.dce.harvard.edu /disk5/courses/cscie13/sgaray/public_html/project chat.cgi
2001.04.28 21:58 B D:\ALM\cscie13\project\chat.cgi --> elmo.dce.harvard.edu /disk5/courses/cscie13/sgaray/public_html/project chat.cgi
2001.04.28 22:00 B D:\ALM\cscie13\project\chat.cgi --> elmo.dce.harvard.edu /disk5/courses/cscie13/sgaray/public_html/project chat.cgi
2001.04.28 22:13 B D:\ALM\cscie13\project\chat.cgi --> elmo.dce.harvard.edu /disk5/courses/cscie13/sgaray/public_html/project chat.cgi
2001.04.28 22:18 B D:\ALM\cscie13\project\chat.cgi --> elmo.dce.harvard.edu /disk5/courses/cscie13/sgaray/public_html/project chat.cgi
2001.04.28 23:23 B D:\ALM\cscie13\project\chat.cgi --> elmo.dce.harvard.edu /disk5/courses/cscie13/sgaray/public_html/project chat.cgi
2001.04.28 23:28 B D:\ALM\cscie13\project\chat.cgi --> elmo.dce.harvard.edu /disk5/courses/cscie13/sgaray/public_html/project chat.cgi
2001.04.28 23:31 B D:\ALM\cscie13\project\chat.cgi --> elmo.dce.harvard.edu /disk5/courses/cscie13/sgaray/public_html/project chat.cgi
2001.04.28 23:35 B D:\ALM\cscie13\project\chat.cgi --> elmo.dce.harvard.edu /disk5/courses/cscie13/sgaray/public_html/project chat.cgi
2001.04.28 23:45 B D:\ALM\cscie13\project\chat.cgi --> elmo.dce.harvard.edu /disk5/courses/cscie13/sgaray/public_html/project chat.cgi
2001.04.28 23:55 B D:\ALM\cscie13\project\chat.cgi --> elmo.dce.harvard.edu /disk5/courses/cscie13/sgaray/public_html/project chat.cgi
2001.04.29 00:15 A D:\ALM\cscie13\project\chat.cgi --> elmo.dce.harvard.edu /disk5/courses/cscie13/sgaray/public_html/project chat.cgi
2001.04.29 00:21 A D:\ALM\cscie13\project\chat.cgi --> elmo.dce.harvard.edu /disk5/courses/cscie13/sgaray/public_html/project chat.cgi
2001.05.12 15:30 B D:\ALM\cscie13\project\chat.cgi --> elmo.dce.harvard.edu /disk5/courses/cscie13/sgaray/public_html/project chat.cgi
2001.05.12 16:05 B D:\ALM\cscie13\project\chat.cgi --> elmo.dce.harvard.edu /disk5/courses/cscie13/sgaray/public_html/project chat.cgi
2001.05.12 16:14 B D:\ALM\cscie13\project\chat.cgi --> elmo.dce.harvard.edu /disk5/courses/cscie13/sgaray/public_html/project chat.cgi
2001.05.12 19:49 B D:\ALM\cscie13\project\chat.cgi --> elmo.dce.harvard.edu /disk5/courses/cscie13/sgaray/public_html/project chat.cgi
2001.05.14 11:00 B D:\ALM\cscie13\project\chat.cgi --> elmo.dce.harvard.edu /disk5/courses/cscie13/sgaray/public_html/project chat.cgi
2001.05.14 11:55 B D:\ALM\cscie13\project\chat.cgi --> elmo.dce.harvard.edu /disk5/courses/cscie13/sgaray/public_html/project chat.cgi
2001.05.14 11:57 B D:\ALM\cscie13\project\chat.cgi --> elmo.dce.harvard.edu /disk5/courses/cscie13/sgaray/public_html/project chat.cgi
2001.05.14 12:11 B D:\ALM\cscie13\project\chat.cgi --> elmo.dce.harvard.edu /disk5/courses/cscie13/sgaray/public_html/project chat.cgi
2001.05.14 12:13 B D:\ALM\cscie13\project\chat.cgi --> elmo.dce.harvard.edu /disk5/courses/cscie13/sgaray/public_html/project chat.cgi
2001.05.14 12:20 B D:\ALM\cscie13\project\chat.cgi --> elmo.dce.harvard.edu /disk5/courses/cscie13/sgaray/public_html/project chat.cgi
2001.05.14 12:26 B D:\ALM\cscie13\project\chat.cgi --> elmo.dce.harvard.edu /disk5/courses/cscie13/sgaray/public_html/project chat.cgi
2001.05.14 12:27 B D:\ALM\cscie13\project\chat.cgi --> elmo.dce.harvard.edu /disk5/courses/cscie13/sgaray/public_html/project chat.cgi
2001.05.14 12:31 B D:\ALM\cscie13\project\chat.cgi --> elmo.dce.harvard.edu /disk5/courses/cscie13/sgaray/public_html/project chat.cgi
2001.05.14 12:50 B D:\ALM\cscie13\project\chat.cgi --> elmo.dce.harvard.edu /disk5/courses/cscie13/sgaray/public_html/project chat.cgi
2001.05.14 16:09 A D:\ALM\cscie13\project\chat.cgi --> elmo.dce.harvard.edu /disk5/courses/cscie13/sgaray/public_html/project chat.cgi
2001.05.14 16:11 A D:\ALM\cscie13\project\chat.cgi --> elmo.dce.harvard.edu /disk5/courses/cscie13/sgaray/public_html/project chat.cgi
2001.05.14 16:14 A D:\ALM\cscie13\project\chat.cgi --> elmo.dce.harvard.edu /disk5/courses/cscie13/sgaray/public_html/project chat.cgi
2001.05.14 16:16 A D:\ALM\cscie13\project\chat.cgi --> elmo.dce.harvard.edu /disk5/courses/cscie13/sgaray/public_html/project chat.cgi
2001.05.14 16:22 A D:\ALM\cscie13\project\chat.cgi --> elmo.dce.harvard.edu /disk5/courses/cscie13/sgaray/public_html/project chat.cgi
2001.05.14 16:24 A D:\ALM\cscie13\project\chat.cgi --> elmo.dce.harvard.edu /disk5/courses/cscie13/sgaray/public_html/project chat.cgi
2001.05.14 16:30 A D:\ALM\cscie13\project\chat.cgi --> elmo.dce.harvard.edu /disk5/courses/cscie13/sgaray/public_html/project chat.cgi
2001.05.14 16:33 A D:\ALM\cscie13\project\chat.cgi --> elmo.dce.harvard.edu /disk5/courses/cscie13/sgaray/public_html/project chat.cgi
2001.05.14 16:34 A D:\ALM\cscie13\project\chat.cgi --> elmo.dce.harvard.edu /disk5/courses/cscie13/sgaray/public_html/project chat.cgi
2001.05.14 16:36 A D:\ALM\cscie13\project\chat.cgi --> elmo.dce.harvard.edu /disk5/courses/cscie13/sgaray/public_html/project chat.cgi
2001.05.14 17:17 A D:\ALM\cscie13\project\chat.cgi --> elmo.dce.harvard.edu /disk5/courses/cscie13/sgaray/public_html/project chat.cgi
2001.05.14 17:19 A D:\ALM\cscie13\project\chat.cgi --> elmo.dce.harvard.edu /disk5/courses/cscie13/sgaray/public_html/project chat.cgi
2001.05.14 19:32 A D:\ALM\cscie13\project\chat.cgi --> elmo.dce.harvard.edu /disk5/courses/cscie13/sgaray/public_html/project chat.cgi
2001.05.15 10:37 B D:\ALM\cscie13\project\chat.cgi --> elmo.dce.harvard.edu /disk5/courses/cscie13/sgaray/public_html/project chat.cgi
2001.05.15 10:39 B D:\ALM\cscie13\project\chat.cgi --> elmo.dce.harvard.edu /disk5/courses/cscie13/sgaray/public_html/project chat.cgi
2001.05.15 10:42 B D:\ALM\cscie13\project\chat.cgi --> elmo.dce.harvard.edu /disk5/courses/cscie13/sgaray/public_html/project chat.cgi
2001.05.15 11:43 B D:\ALM\cscie13\project\chat.cgi --> elmo.dce.harvard.edu /disk5/courses/cscie13/sgaray/public_html/project chat.cgi
2001.05.15 11:45 B D:\ALM\cscie13\project\chat.cgi --> elmo.dce.harvard.edu /disk5/courses/cscie13/sgaray/public_html/project chat.cgi
2001.05.15 11:46 B D:\ALM\cscie13\project\chat.cgi --> elmo.dce.harvard.edu /disk5/courses/cscie13/sgaray/public_html/project chat.cgi
2001.05.15 11:49 B D:\ALM\cscie13\project\chat.cgi --> elmo.dce.harvard.edu /disk5/courses/cscie13/sgaray/public_html/project chat.cgi
2001.05.15 11:51 B D:\ALM\cscie13\project\chat.cgi --> elmo.dce.harvard.edu /disk5/courses/cscie13/sgaray/public_html/project chat.cgi
2001.05.15 12:10 B D:\ALM\cscie13\project\chat.cgi --> elmo.dce.harvard.edu /disk5/courses/cscie13/sgaray/public_html/project chat.cgi
2001.05.15 18:25 B D:\ALM\cscie13\project\chat.cgi --> elmo.dce.harvard.edu /disk5/courses/cscie13/sgaray/public_html/project chat.cgi
2001.05.16 09:48 B D:\ALM\cscie13\project\chat.cgi --> elmo.dce.harvard.edu /disk5/courses/cscie13/sgaray/public_html/project chat.cgi
2001.05.16 09:50 B D:\ALM\cscie13\project\chat.cgi --> elmo.dce.harvard.edu /disk5/courses/cscie13/sgaray/public_html/project chat.cgi
2001.05.16 09:55 B D:\ALM\cscie13\project\chat.cgi --> elmo.dce.harvard.edu /disk5/courses/cscie13/sgaray/public_html/project chat.cgi
2001.05.16 11:47 B D:\ALM\cscie13\project\chat.cgi --> elmo.dce.harvard.edu /disk5/courses/cscie13/sgaray/public_html/project chat.cgi
2001.05.16 12:02 B D:\ALM\cscie13\project\chat.cgi --> elmo.dce.harvard.edu /disk5/courses/cscie13/sgaray/public_html/project chat.cgi
2001.05.16 12:03 B D:\ALM\cscie13\project\chat.cgi --> elmo.dce.harvard.edu /disk5/courses/cscie13/sgaray/public_html/project chat.cgi
2001.05.16 12:13 B D:\ALM\cscie13\project\chat.cgi --> elmo.dce.harvard.edu /disk5/courses/cscie13/sgaray/public_html/project chat.cgi
2001.05.16 12:42 B D:\ALM\cscie13\project\chat.cgi --> elmo.dce.harvard.edu /disk5/courses/cscie13/sgaray/public_html/project chat.cgi
2001.05.16 13:07 B D:\ALM\cscie13\project\chat.cgi --> elmo.dce.harvard.edu /disk5/courses/cscie13/sgaray/public_html/project chat.cgi
2001.05.16 13:21 B D:\ALM\cscie13\project\chat.cgi --> elmo.dce.harvard.edu /disk5/courses/cscie13/sgaray/public_html/project chat.cgi
2001.05.16 15:49 B D:\ALM\cscie13\project\chat.cgi --> elmo.dce.harvard.edu /disk5/courses/cscie13/sgaray/public_html/project chat.cgi
2001.05.16 17:01 B D:\ALM\cscie13\project\chat.cgi --> elmo.dce.harvard.edu /disk5/courses/cscie13/sgaray/public_html/project chat.cgi
2001.05.16 17:14 B D:\ALM\cscie13\project\chat.cgi <-- elmo.dce.harvard.edu /disk5/courses/cscie13/sgaray/public_html/project chat.cgi
2001.05.16 17:46 B D:\ALM\cscie13\project\chat.cgi --> elmo.dce.harvard.edu /disk5/courses/cscie13/sgaray/public_html/project chat.cgi
2001.05.16 18:00 B D:\ALM\cscie13\project\chat.cgi --> elmo.dce.harvard.edu /disk5/courses/cscie13/sgaray/public_html/project chat.cgi
2001.05.16 20:31 B D:\ALM\cscie13\project\chat.cgi --> elmo.dce.harvard.edu /disk5/courses/cscie13/sgaray/public_html/project chat.cgi
2001.05.16 20:41 B D:\ALM\cscie13\project\chat.cgi --> elmo.dce.harvard.edu /disk5/courses/cscie13/sgaray/public_html/project chat.cgi
2001.05.21 09:38 B D:\ALM\cscie13\project\chat.htm --> elmo.dce.harvard.edu /disk5/courses/cscie13/sgaray/public_html/project chat.htm
2001.05.21 09:38 B D:\ALM\cscie13\project\chat_movie.dcr --> elmo.dce.harvard.edu /disk5/courses/cscie13/sgaray/public_html/project chat_movie.dcr
2001.05.21 10:30 B D:\ALM\cscie13\project\chat.cgi --> elmo.dce.harvard.edu /disk5/courses/cscie13/sgaray/project chat.cgi
2001.05.21 10:30 B D:\ALM\cscie13\project\chat.htm --> elmo.dce.harvard.edu /disk5/courses/cscie13/sgaray/project chat.htm
2001.05.21 10:30 B D:\ALM\cscie13\project\chat_movie.dcr --> elmo.dce.harvard.edu /disk5/courses/cscie13/sgaray/project chat_movie.dcr
2001.05.21 10:31 B D:\ALM\cscie13\project\chat_movie.dir --> elmo.dce.harvard.edu /disk5/courses/cscie13/sgaray/project chat_movie.dir
2001.05.21 10:31 B D:\ALM\cscie13\project\README.txt --> elmo.dce.harvard.edu /disk5/courses/cscie13/sgaray/project README.txt
2001.05.21 10:46 B D:\ALM\cscie13\project\README.txt --> elmo.dce.harvard.edu /disk5/courses/cscie13/sgaray/project README.txt
